<?xml version="1.0" encoding="UTF-8" ?>
<testsuite tests="15" failures="0" name="pl.edu.pw.ee.HeapSortTest" time="0.099" errors="14" skipped="0">
  <properties>
[...]
</properties>
  <testcase classname="pl.edu.pw.ee.HeapSortTest" name="shouldSortCorrectlyWhenOnlyFirstIsUnsortedNumsOdd" time="0.007">
    <error type="java.lang.ExceptionInInitializerError">java.lang.ExceptionInInitializerError
	at pl.edu.pw.ee.HeapSort.sort(HeapSort.java:22)
	at pl.edu.pw.ee.HeapSortTest.shouldSortCorrectlyWhenOnlyFirstIsUnsortedNumsOdd(HeapSortTest.java:96)
	at java.base/jdk.internal.reflect.DirectMethodHandleAccessor.invoke(DirectMethodHandleAccessor.java:104)
	at java.base/java.lang.reflect.Method.invoke(Method.java:577)
	at org.junit.runners.model.FrameworkMethod$1.runReflectiveCall(FrameworkMethod.java:47)
	at org.junit.internal.runners.model.ReflectiveCallable.run(ReflectiveCallable.java:12)
	at org.junit.runners.model.FrameworkMethod.invokeExplosively(FrameworkMethod.java:44)
	at org.junit.internal.runners.statements.InvokeMethod.evaluate(InvokeMethod.java:17)
	at org.junit.runners.ParentRunner.runLeaf(ParentRunner.java:271)
	at org.junit.runners.BlockJUnit4ClassRunner.runChild(BlockJUnit4ClassRunner.java:70)
	at org.junit.runners.BlockJUnit4ClassRunner.runChild(BlockJUnit4ClassRunner.java:50)
	at org.junit.runners.ParentRunner$3.run(ParentRunner.java:238)
	at org.junit.runners.ParentRunner$1.schedule(ParentRunner.java:63)
	at org.junit.runners.ParentRunner.runChildren(ParentRunner.java:236)
	at org.junit.runners.ParentRunner.access$000(ParentRunner.java:53)
	at org.junit.runners.ParentRunner$2.evaluate(ParentRunner.java:229)
	at org.junit.runners.ParentRunner.run(ParentRunner.java:309)
	at org.apache.maven.surefire.junit4.JUnit4Provider.execute(JUnit4Provider.java:252)
	at org.apache.maven.surefire.junit4.JUnit4Provider.executeTestSet(JUnit4Provider.java:141)
	at org.apache.maven.surefire.junit4.JUnit4Provider.invoke(JUnit4Provider.java:112)
	at java.base/jdk.internal.reflect.DirectMethodHandleAccessor.invoke(DirectMethodHandleAccessor.java:104)
	at java.base/java.lang.reflect.Method.invoke(Method.java:577)
	at org.apache.maven.surefire.util.ReflectionUtils.invokeMethodWithArray(ReflectionUtils.java:189)
	at org.apache.maven.surefire.booter.ProviderFactory$ProviderProxy.invoke(ProviderFactory.java:165)
	at org.apache.maven.surefire.booter.ProviderFactory.invokeProvider(ProviderFactory.java:85)
	at org.apache.maven.surefire.booter.ForkedBooter.runSuitesInProcess(ForkedBooter.java:115)
	at org.apache.maven.surefire.booter.ForkedBooter.main(ForkedBooter.java:75)
Caused by: java.lang.RuntimeException: Uncompilable code - pl.edu.pw.ee.Heap is not abstract and does not override abstract method getData() in pl.edu.pw.ee.services.HeapExtension
	at pl.edu.pw.ee.Heap.&lt;clinit&gt;(Heap.java:1)
	... 27 more
</error>
  </testcase>
  <testcase classname="pl.edu.pw.ee.HeapSortTest" name="shouldSortCorrectlyWhenArrayIsEmpty" time="0.001">
    <error message="Could not initialize class pl.edu.pw.ee.Heap" type="java.lang.NoClassDefFoundError">java.lang.NoClassDefFoundError: Could not initialize class pl.edu.pw.ee.Heap
	at pl.edu.pw.ee.HeapSort.sort(HeapSort.java:22)
	at pl.edu.pw.ee.HeapSortTest.shouldSortCorrectlyWhenArrayIsEmpty(HeapSortTest.java:32)
	at java.base/jdk.internal.reflect.DirectMethodHandleAccessor.invoke(DirectMethodHandleAccessor.java:104)
	at java.base/java.lang.reflect.Method.invoke(Method.java:577)
	at org.junit.runners.model.FrameworkMethod$1.runReflectiveCall(FrameworkMethod.java:47)
	at org.junit.internal.runners.model.ReflectiveCallable.run(ReflectiveCallable.java:12)
	at org.junit.runners.model.FrameworkMethod.invokeExplosively(FrameworkMethod.java:44)
	at org.junit.internal.runners.statements.InvokeMethod.evaluate(InvokeMethod.java:17)
	at org.junit.runners.ParentRunner.runLeaf(ParentRunner.java:271)
	at org.junit.runners.BlockJUnit4ClassRunner.runChild(BlockJUnit4ClassRunner.java:70)
	at org.junit.runners.BlockJUnit4ClassRunner.runChild(BlockJUnit4ClassRunner.java:50)
	at org.junit.runners.ParentRunner$3.run(ParentRunner.java:238)
	at org.junit.runners.ParentRunner$1.schedule(ParentRunner.java:63)
	at org.junit.runners.ParentRunner.runChildren(ParentRunner.java:236)
	at org.junit.runners.ParentRunner.access$000(ParentRunner.java:53)
	at org.junit.runners.ParentRunner$2.evaluate(ParentRunner.java:229)
	at org.junit.runners.ParentRunner.run(ParentRunner.java:309)
	at org.apache.maven.surefire.junit4.JUnit4Provider.execute(JUnit4Provider.java:252)
	at org.apache.maven.surefire.junit4.JUnit4Provider.executeTestSet(JUnit4Provider.java:141)
	at org.apache.maven.surefire.junit4.JUnit4Provider.invoke(JUnit4Provider.java:112)
	at java.base/jdk.internal.reflect.DirectMethodHandleAccessor.invoke(DirectMethodHandleAccessor.java:104)
	at java.base/java.lang.reflect.Method.invoke(Method.java:577)
	at org.apache.maven.surefire.util.ReflectionUtils.invokeMethodWithArray(ReflectionUtils.java:189)
	at org.apache.maven.surefire.booter.ProviderFactory$ProviderProxy.invoke(ProviderFactory.java:165)
	at org.apache.maven.surefire.booter.ProviderFactory.invokeProvider(ProviderFactory.java:85)
	at org.apache.maven.surefire.booter.ForkedBooter.runSuitesInProcess(ForkedBooter.java:115)
	at org.apache.maven.surefire.booter.ForkedBooter.main(ForkedBooter.java:75)
Caused by: java.lang.ExceptionInInitializerError: Exception java.lang.RuntimeException: Uncompilable code - pl.edu.pw.ee.Heap is not abstract and does not override abstract method getData() in pl.edu.pw.ee.services.HeapExtension [in thread &quot;main&quot;]
	at pl.edu.pw.ee.Heap.&lt;clinit&gt;(Heap.java:1)
	at pl.edu.pw.ee.HeapSort.sort(HeapSort.java:22)
	at pl.edu.pw.ee.HeapSortTest.shouldSortCorrectlyWhenOnlyFirstIsUnsortedNumsOdd(HeapSortTest.java:96)
	... 25 more
</error>
  </testcase>
  <testcase classname="pl.edu.pw.ee.HeapSortTest" name="shouldSortCorrectlyWhenOnlyLastIsUnsortedNumsEven" time="0">
    <error message="Could not initialize class pl.edu.pw.ee.Heap" type="java.lang.NoClassDefFoundError">java.lang.NoClassDefFoundError: Could not initialize class pl.edu.pw.ee.Heap
	at pl.edu.pw.ee.HeapSort.sort(HeapSort.java:22)
	at pl.edu.pw.ee.HeapSortTest.shouldSortCorrectlyWhenOnlyLastIsUnsortedNumsEven(HeapSortTest.java:122)
	at java.base/jdk.internal.reflect.DirectMethodHandleAccessor.invoke(DirectMethodHandleAccessor.java:104)
	at java.base/java.lang.reflect.Method.invoke(Method.java:577)
	at org.junit.runners.model.FrameworkMethod$1.runReflectiveCall(FrameworkMethod.java:47)
	at org.junit.internal.runners.model.ReflectiveCallable.run(ReflectiveCallable.java:12)
	at org.junit.runners.model.FrameworkMethod.invokeExplosively(FrameworkMethod.java:44)
	at org.junit.internal.runners.statements.InvokeMethod.evaluate(InvokeMethod.java:17)
	at org.junit.runners.ParentRunner.runLeaf(ParentRunner.java:271)
	at org.junit.runners.BlockJUnit4ClassRunner.runChild(BlockJUnit4ClassRunner.java:70)
	at org.junit.runners.BlockJUnit4ClassRunner.runChild(BlockJUnit4ClassRunner.java:50)
	at org.junit.runners.ParentRunner$3.run(ParentRunner.java:238)
	at org.junit.runners.ParentRunner$1.schedule(ParentRunner.java:63)
	at org.junit.runners.ParentRunner.runChildren(ParentRunner.java:236)
	at org.junit.runners.ParentRunner.access$000(ParentRunner.java:53)
	at org.junit.runners.ParentRunner$2.evaluate(ParentRunner.java:229)
	at org.junit.runners.ParentRunner.run(ParentRunner.java:309)
	at org.apache.maven.surefire.junit4.JUnit4Provider.execute(JUnit4Provider.java:252)
	at org.apache.maven.surefire.junit4.JUnit4Provider.executeTestSet(JUnit4Provider.java:141)
	at org.apache.maven.surefire.junit4.JUnit4Provider.invoke(JUnit4Provider.java:112)
	at java.base/jdk.internal.reflect.DirectMethodHandleAccessor.invoke(DirectMethodHandleAccessor.java:104)
	at java.base/java.lang.reflect.Method.invoke(Method.java:577)
	at org.apache.maven.surefire.util.ReflectionUtils.invokeMethodWithArray(ReflectionUtils.java:189)
	at org.apache.maven.surefire.booter.ProviderFactory$ProviderProxy.invoke(ProviderFactory.java:165)
	at org.apache.maven.surefire.booter.ProviderFactory.invokeProvider(ProviderFactory.java:85)
	at org.apache.maven.surefire.booter.ForkedBooter.runSuitesInProcess(ForkedBooter.java:115)
	at org.apache.maven.surefire.booter.ForkedBooter.main(ForkedBooter.java:75)
Caused by: java.lang.ExceptionInInitializerError: Exception java.lang.RuntimeException: Uncompilable code - pl.edu.pw.ee.Heap is not abstract and does not override abstract method getData() in pl.edu.pw.ee.services.HeapExtension [in thread &quot;main&quot;]
	at pl.edu.pw.ee.Heap.&lt;clinit&gt;(Heap.java:1)
	at pl.edu.pw.ee.HeapSort.sort(HeapSort.java:22)
	at pl.edu.pw.ee.HeapSortTest.shouldSortCorrectlyWhenOnlyFirstIsUnsortedNumsOdd(HeapSortTest.java:96)
	... 25 more
</error>
  </testcase>
  <testcase classname="pl.edu.pw.ee.HeapSortTest" name="shouldSortCorrectlyWhenNumsIsUnsorted" time="0">
    <error message="Could not initialize class pl.edu.pw.ee.Heap" type="java.lang.NoClassDefFoundError">java.lang.NoClassDefFoundError: Could not initialize class pl.edu.pw.ee.Heap
	at pl.edu.pw.ee.HeapSort.sort(HeapSort.java:22)
	at pl.edu.pw.ee.HeapSortTest.shouldSortCorrectlyWhenNumsIsUnsorted(HeapSortTest.java:172)
	at java.base/jdk.internal.reflect.DirectMethodHandleAccessor.invoke(DirectMethodHandleAccessor.java:104)
	at java.base/java.lang.reflect.Method.invoke(Method.java:577)
	at org.junit.runners.model.FrameworkMethod$1.runReflectiveCall(FrameworkMethod.java:47)
	at org.junit.internal.runners.model.ReflectiveCallable.run(ReflectiveCallable.java:12)
	at org.junit.runners.model.FrameworkMethod.invokeExplosively(FrameworkMethod.java:44)
	at org.junit.internal.runners.statements.InvokeMethod.evaluate(InvokeMethod.java:17)
	at org.junit.runners.ParentRunner.runLeaf(ParentRunner.java:271)
	at org.junit.runners.BlockJUnit4ClassRunner.runChild(BlockJUnit4ClassRunner.java:70)
	at org.junit.runners.BlockJUnit4ClassRunner.runChild(BlockJUnit4ClassRunner.java:50)
	at org.junit.runners.ParentRunner$3.run(ParentRunner.java:238)
	at org.junit.runners.ParentRunner$1.schedule(ParentRunner.java:63)
	at org.junit.runners.ParentRunner.runChildren(ParentRunner.java:236)
	at org.junit.runners.ParentRunner.access$000(ParentRunner.java:53)
	at org.junit.runners.ParentRunner$2.evaluate(ParentRunner.java:229)
	at org.junit.runners.ParentRunner.run(ParentRunner.java:309)
	at org.apache.maven.surefire.junit4.JUnit4Provider.execute(JUnit4Provider.java:252)
	at org.apache.maven.surefire.junit4.JUnit4Provider.executeTestSet(JUnit4Provider.java:141)
	at org.apache.maven.surefire.junit4.JUnit4Provider.invoke(JUnit4Provider.java:112)
	at java.base/jdk.internal.reflect.DirectMethodHandleAccessor.invoke(DirectMethodHandleAccessor.java:104)
	at java.base/java.lang.reflect.Method.invoke(Method.java:577)
	at org.apache.maven.surefire.util.ReflectionUtils.invokeMethodWithArray(ReflectionUtils.java:189)
	at org.apache.maven.surefire.booter.ProviderFactory$ProviderProxy.invoke(ProviderFactory.java:165)
	at org.apache.maven.surefire.booter.ProviderFactory.invokeProvider(ProviderFactory.java:85)
	at org.apache.maven.surefire.booter.ForkedBooter.runSuitesInProcess(ForkedBooter.java:115)
	at org.apache.maven.surefire.booter.ForkedBooter.main(ForkedBooter.java:75)
Caused by: java.lang.ExceptionInInitializerError: Exception java.lang.RuntimeException: Uncompilable code - pl.edu.pw.ee.Heap is not abstract and does not override abstract method getData() in pl.edu.pw.ee.services.HeapExtension [in thread &quot;main&quot;]
	at pl.edu.pw.ee.Heap.&lt;clinit&gt;(Heap.java:1)
	at pl.edu.pw.ee.HeapSort.sort(HeapSort.java:22)
	at pl.edu.pw.ee.HeapSortTest.shouldSortCorrectlyWhenOnlyFirstIsUnsortedNumsOdd(HeapSortTest.java:96)
	... 25 more
</error>
  </testcase>
  <testcase classname="pl.edu.pw.ee.HeapSortTest" name="shouldSortCorrectlyWhenThreeElements" time="0">
    <error message="Could not initialize class pl.edu.pw.ee.Heap" type="java.lang.NoClassDefFoundError">java.lang.NoClassDefFoundError: Could not initialize class pl.edu.pw.ee.Heap
	at pl.edu.pw.ee.HeapSort.sort(HeapSort.java:22)
	at pl.edu.pw.ee.HeapSortTest.shouldSortCorrectlyWhenThreeElements(HeapSortTest.java:70)
	at java.base/jdk.internal.reflect.DirectMethodHandleAccessor.invoke(DirectMethodHandleAccessor.java:104)
	at java.base/java.lang.reflect.Method.invoke(Method.java:577)
	at org.junit.runners.model.FrameworkMethod$1.runReflectiveCall(FrameworkMethod.java:47)
	at org.junit.internal.runners.model.ReflectiveCallable.run(ReflectiveCallable.java:12)
	at org.junit.runners.model.FrameworkMethod.invokeExplosively(FrameworkMethod.java:44)
	at org.junit.internal.runners.statements.InvokeMethod.evaluate(InvokeMethod.java:17)
	at org.junit.runners.ParentRunner.runLeaf(ParentRunner.java:271)
	at org.junit.runners.BlockJUnit4ClassRunner.runChild(BlockJUnit4ClassRunner.java:70)
	at org.junit.runners.BlockJUnit4ClassRunner.runChild(BlockJUnit4ClassRunner.java:50)
	at org.junit.runners.ParentRunner$3.run(ParentRunner.java:238)
	at org.junit.runners.ParentRunner$1.schedule(ParentRunner.java:63)
	at org.junit.runners.ParentRunner.runChildren(ParentRunner.java:236)
	at org.junit.runners.ParentRunner.access$000(ParentRunner.java:53)
	at org.junit.runners.ParentRunner$2.evaluate(ParentRunner.java:229)
	at org.junit.runners.ParentRunner.run(ParentRunner.java:309)
	at org.apache.maven.surefire.junit4.JUnit4Provider.execute(JUnit4Provider.java:252)
	at org.apache.maven.surefire.junit4.JUnit4Provider.executeTestSet(JUnit4Provider.java:141)
	at org.apache.maven.surefire.junit4.JUnit4Provider.invoke(JUnit4Provider.java:112)
	at java.base/jdk.internal.reflect.DirectMethodHandleAccessor.invoke(DirectMethodHandleAccessor.java:104)
	at java.base/java.lang.reflect.Method.invoke(Method.java:577)
	at org.apache.maven.surefire.util.ReflectionUtils.invokeMethodWithArray(ReflectionUtils.java:189)
	at org.apache.maven.surefire.booter.ProviderFactory$ProviderProxy.invoke(ProviderFactory.java:165)
	at org.apache.maven.surefire.booter.ProviderFactory.invokeProvider(ProviderFactory.java:85)
	at org.apache.maven.surefire.booter.ForkedBooter.runSuitesInProcess(ForkedBooter.java:115)
	at org.apache.maven.surefire.booter.ForkedBooter.main(ForkedBooter.java:75)
Caused by: java.lang.ExceptionInInitializerError: Exception java.lang.RuntimeException: Uncompilable code - pl.edu.pw.ee.Heap is not abstract and does not override abstract method getData() in pl.edu.pw.ee.services.HeapExtension [in thread &quot;main&quot;]
	at pl.edu.pw.ee.Heap.&lt;clinit&gt;(Heap.java:1)
	at pl.edu.pw.ee.HeapSort.sort(HeapSort.java:22)
	at pl.edu.pw.ee.HeapSortTest.shouldSortCorrectlyWhenOnlyFirstIsUnsortedNumsOdd(HeapSortTest.java:96)
	... 25 more
</error>
  </testcase>
  <testcase classname="pl.edu.pw.ee.HeapSortTest" name="shouldSortCorrectlyWhenOneElement" time="0.001">
    <error message="Could not initialize class pl.edu.pw.ee.Heap" type="java.lang.NoClassDefFoundError">java.lang.NoClassDefFoundError: Could not initialize class pl.edu.pw.ee.Heap
	at pl.edu.pw.ee.HeapSort.sort(HeapSort.java:22)
	at pl.edu.pw.ee.HeapSortTest.shouldSortCorrectlyWhenOneElement(HeapSortTest.java:44)
	at java.base/jdk.internal.reflect.DirectMethodHandleAccessor.invoke(DirectMethodHandleAccessor.java:104)
	at java.base/java.lang.reflect.Method.invoke(Method.java:577)
	at org.junit.runners.model.FrameworkMethod$1.runReflectiveCall(FrameworkMethod.java:47)
	at org.junit.internal.runners.model.ReflectiveCallable.run(ReflectiveCallable.java:12)
	at org.junit.runners.model.FrameworkMethod.invokeExplosively(FrameworkMethod.java:44)
	at org.junit.internal.runners.statements.InvokeMethod.evaluate(InvokeMethod.java:17)
	at org.junit.runners.ParentRunner.runLeaf(ParentRunner.java:271)
	at org.junit.runners.BlockJUnit4ClassRunner.runChild(BlockJUnit4ClassRunner.java:70)
	at org.junit.runners.BlockJUnit4ClassRunner.runChild(BlockJUnit4ClassRunner.java:50)
	at org.junit.runners.ParentRunner$3.run(ParentRunner.java:238)
	at org.junit.runners.ParentRunner$1.schedule(ParentRunner.java:63)
	at org.junit.runners.ParentRunner.runChildren(ParentRunner.java:236)
	at org.junit.runners.ParentRunner.access$000(ParentRunner.java:53)
	at org.junit.runners.ParentRunner$2.evaluate(ParentRunner.java:229)
	at org.junit.runners.ParentRunner.run(ParentRunner.java:309)
	at org.apache.maven.surefire.junit4.JUnit4Provider.execute(JUnit4Provider.java:252)
	at org.apache.maven.surefire.junit4.JUnit4Provider.executeTestSet(JUnit4Provider.java:141)
	at org.apache.maven.surefire.junit4.JUnit4Provider.invoke(JUnit4Provider.java:112)
	at java.base/jdk.internal.reflect.DirectMethodHandleAccessor.invoke(DirectMethodHandleAccessor.java:104)
	at java.base/java.lang.reflect.Method.invoke(Method.java:577)
	at org.apache.maven.surefire.util.ReflectionUtils.invokeMethodWithArray(ReflectionUtils.java:189)
	at org.apache.maven.surefire.booter.ProviderFactory$ProviderProxy.invoke(ProviderFactory.java:165)
	at org.apache.maven.surefire.booter.ProviderFactory.invokeProvider(ProviderFactory.java:85)
	at org.apache.maven.surefire.booter.ForkedBooter.runSuitesInProcess(ForkedBooter.java:115)
	at org.apache.maven.surefire.booter.ForkedBooter.main(ForkedBooter.java:75)
Caused by: java.lang.ExceptionInInitializerError: Exception java.lang.RuntimeException: Uncompilable code - pl.edu.pw.ee.Heap is not abstract and does not override abstract method getData() in pl.edu.pw.ee.services.HeapExtension [in thread &quot;main&quot;]
	at pl.edu.pw.ee.Heap.&lt;clinit&gt;(Heap.java:1)
	at pl.edu.pw.ee.HeapSort.sort(HeapSort.java:22)
	at pl.edu.pw.ee.HeapSortTest.shouldSortCorrectlyWhenOnlyFirstIsUnsortedNumsOdd(HeapSortTest.java:96)
	... 25 more
</error>
  </testcase>
  <testcase classname="pl.edu.pw.ee.HeapSortTest" name="shouldSortCorrectlyWhenOnlyLastIsUnsortedNumsOdd" time="0.001">
    <error message="Could not initialize class pl.edu.pw.ee.Heap" type="java.lang.NoClassDefFoundError">java.lang.NoClassDefFoundError: Could not initialize class pl.edu.pw.ee.Heap
	at pl.edu.pw.ee.HeapSort.sort(HeapSort.java:22)
	at pl.edu.pw.ee.HeapSortTest.shouldSortCorrectlyWhenOnlyLastIsUnsortedNumsOdd(HeapSortTest.java:135)
	at java.base/jdk.internal.reflect.DirectMethodHandleAccessor.invoke(DirectMethodHandleAccessor.java:104)
	at java.base/java.lang.reflect.Method.invoke(Method.java:577)
	at org.junit.runners.model.FrameworkMethod$1.runReflectiveCall(FrameworkMethod.java:47)
	at org.junit.internal.runners.model.ReflectiveCallable.run(ReflectiveCallable.java:12)
	at org.junit.runners.model.FrameworkMethod.invokeExplosively(FrameworkMethod.java:44)
	at org.junit.internal.runners.statements.InvokeMethod.evaluate(InvokeMethod.java:17)
	at org.junit.runners.ParentRunner.runLeaf(ParentRunner.java:271)
	at org.junit.runners.BlockJUnit4ClassRunner.runChild(BlockJUnit4ClassRunner.java:70)
	at org.junit.runners.BlockJUnit4ClassRunner.runChild(BlockJUnit4ClassRunner.java:50)
	at org.junit.runners.ParentRunner$3.run(ParentRunner.java:238)
	at org.junit.runners.ParentRunner$1.schedule(ParentRunner.java:63)
	at org.junit.runners.ParentRunner.runChildren(ParentRunner.java:236)
	at org.junit.runners.ParentRunner.access$000(ParentRunner.java:53)
	at org.junit.runners.ParentRunner$2.evaluate(ParentRunner.java:229)
	at org.junit.runners.ParentRunner.run(ParentRunner.java:309)
	at org.apache.maven.surefire.junit4.JUnit4Provider.execute(JUnit4Provider.java:252)
	at org.apache.maven.surefire.junit4.JUnit4Provider.executeTestSet(JUnit4Provider.java:141)
	at org.apache.maven.surefire.junit4.JUnit4Provider.invoke(JUnit4Provider.java:112)
	at java.base/jdk.internal.reflect.DirectMethodHandleAccessor.invoke(DirectMethodHandleAccessor.java:104)
	at java.base/java.lang.reflect.Method.invoke(Method.java:577)
	at org.apache.maven.surefire.util.ReflectionUtils.invokeMethodWithArray(ReflectionUtils.java:189)
	at org.apache.maven.surefire.booter.ProviderFactory$ProviderProxy.invoke(ProviderFactory.java:165)
	at org.apache.maven.surefire.booter.ProviderFactory.invokeProvider(ProviderFactory.java:85)
	at org.apache.maven.surefire.booter.ForkedBooter.runSuitesInProcess(ForkedBooter.java:115)
	at org.apache.maven.surefire.booter.ForkedBooter.main(ForkedBooter.java:75)
Caused by: java.lang.ExceptionInInitializerError: Exception java.lang.RuntimeException: Uncompilable code - pl.edu.pw.ee.Heap is not abstract and does not override abstract method getData() in pl.edu.pw.ee.services.HeapExtension [in thread &quot;main&quot;]
	at pl.edu.pw.ee.Heap.&lt;clinit&gt;(Heap.java:1)
	at pl.edu.pw.ee.HeapSort.sort(HeapSort.java:22)
	at pl.edu.pw.ee.HeapSortTest.shouldSortCorrectlyWhenOnlyFirstIsUnsortedNumsOdd(HeapSortTest.java:96)
	... 25 more
</error>
  </testcase>
  <testcase classname="pl.edu.pw.ee.HeapSortTest" name="shouldSortCorrectlyWhenTwoElements" time="0">
    <error message="Could not initialize class pl.edu.pw.ee.Heap" type="java.lang.NoClassDefFoundError">java.lang.NoClassDefFoundError: Could not initialize class pl.edu.pw.ee.Heap
	at pl.edu.pw.ee.HeapSort.sort(HeapSort.java:22)
	at pl.edu.pw.ee.HeapSortTest.shouldSortCorrectlyWhenTwoElements(HeapSortTest.java:57)
	at java.base/jdk.internal.reflect.DirectMethodHandleAccessor.invoke(DirectMethodHandleAccessor.java:104)
	at java.base/java.lang.reflect.Method.invoke(Method.java:577)
	at org.junit.runners.model.FrameworkMethod$1.runReflectiveCall(FrameworkMethod.java:47)
	at org.junit.internal.runners.model.ReflectiveCallable.run(ReflectiveCallable.java:12)
	at org.junit.runners.model.FrameworkMethod.invokeExplosively(FrameworkMethod.java:44)
	at org.junit.internal.runners.statements.InvokeMethod.evaluate(InvokeMethod.java:17)
	at org.junit.runners.ParentRunner.runLeaf(ParentRunner.java:271)
	at org.junit.runners.BlockJUnit4ClassRunner.runChild(BlockJUnit4ClassRunner.java:70)
	at org.junit.runners.BlockJUnit4ClassRunner.runChild(BlockJUnit4ClassRunner.java:50)
	at org.junit.runners.ParentRunner$3.run(ParentRunner.java:238)
	at org.junit.runners.ParentRunner$1.schedule(ParentRunner.java:63)
	at org.junit.runners.ParentRunner.runChildren(ParentRunner.java:236)
	at org.junit.runners.ParentRunner.access$000(ParentRunner.java:53)
	at org.junit.runners.ParentRunner$2.evaluate(ParentRunner.java:229)
	at org.junit.runners.ParentRunner.run(ParentRunner.java:309)
	at org.apache.maven.surefire.junit4.JUnit4Provider.execute(JUnit4Provider.java:252)
	at org.apache.maven.surefire.junit4.JUnit4Provider.executeTestSet(JUnit4Provider.java:141)
	at org.apache.maven.surefire.junit4.JUnit4Provider.invoke(JUnit4Provider.java:112)
	at java.base/jdk.internal.reflect.DirectMethodHandleAccessor.invoke(DirectMethodHandleAccessor.java:104)
	at java.base/java.lang.reflect.Method.invoke(Method.java:577)
	at org.apache.maven.surefire.util.ReflectionUtils.invokeMethodWithArray(ReflectionUtils.java:189)
	at org.apache.maven.surefire.booter.ProviderFactory$ProviderProxy.invoke(ProviderFactory.java:165)
	at org.apache.maven.surefire.booter.ProviderFactory.invokeProvider(ProviderFactory.java:85)
	at org.apache.maven.surefire.booter.ForkedBooter.runSuitesInProcess(ForkedBooter.java:115)
	at org.apache.maven.surefire.booter.ForkedBooter.main(ForkedBooter.java:75)
Caused by: java.lang.ExceptionInInitializerError: Exception java.lang.RuntimeException: Uncompilable code - pl.edu.pw.ee.Heap is not abstract and does not override abstract method getData() in pl.edu.pw.ee.services.HeapExtension [in thread &quot;main&quot;]
	at pl.edu.pw.ee.Heap.&lt;clinit&gt;(Heap.java:1)
	at pl.edu.pw.ee.HeapSort.sort(HeapSort.java:22)
	at pl.edu.pw.ee.HeapSortTest.shouldSortCorrectlyWhenOnlyFirstIsUnsortedNumsOdd(HeapSortTest.java:96)
	... 25 more
</error>
  </testcase>
  <testcase classname="pl.edu.pw.ee.HeapSortTest" name="shouldSortCorrectlyWhenAllNumsInDescOrder" time="0.001">
    <error message="Could not initialize class pl.edu.pw.ee.Heap" type="java.lang.NoClassDefFoundError">java.lang.NoClassDefFoundError: Could not initialize class pl.edu.pw.ee.Heap
	at pl.edu.pw.ee.HeapSort.sort(HeapSort.java:22)
	at pl.edu.pw.ee.HeapSortTest.shouldSortCorrectlyWhenAllNumsInDescOrder(HeapSortTest.java:160)
	at java.base/jdk.internal.reflect.DirectMethodHandleAccessor.invoke(DirectMethodHandleAccessor.java:104)
	at java.base/java.lang.reflect.Method.invoke(Method.java:577)
	at org.junit.runners.model.FrameworkMethod$1.runReflectiveCall(FrameworkMethod.java:47)
	at org.junit.internal.runners.model.ReflectiveCallable.run(ReflectiveCallable.java:12)
	at org.junit.runners.model.FrameworkMethod.invokeExplosively(FrameworkMethod.java:44)
	at org.junit.internal.runners.statements.InvokeMethod.evaluate(InvokeMethod.java:17)
	at org.junit.runners.ParentRunner.runLeaf(ParentRunner.java:271)
	at org.junit.runners.BlockJUnit4ClassRunner.runChild(BlockJUnit4ClassRunner.java:70)
	at org.junit.runners.BlockJUnit4ClassRunner.runChild(BlockJUnit4ClassRunner.java:50)
	at org.junit.runners.ParentRunner$3.run(ParentRunner.java:238)
	at org.junit.runners.ParentRunner$1.schedule(ParentRunner.java:63)
	at org.junit.runners.ParentRunner.runChildren(ParentRunner.java:236)
	at org.junit.runners.ParentRunner.access$000(ParentRunner.java:53)
	at org.junit.runners.ParentRunner$2.evaluate(ParentRunner.java:229)
	at org.junit.runners.ParentRunner.run(ParentRunner.java:309)
	at org.apache.maven.surefire.junit4.JUnit4Provider.execute(JUnit4Provider.java:252)
	at org.apache.maven.surefire.junit4.JUnit4Provider.executeTestSet(JUnit4Provider.java:141)
	at org.apache.maven.surefire.junit4.JUnit4Provider.invoke(JUnit4Provider.java:112)
	at java.base/jdk.internal.reflect.DirectMethodHandleAccessor.invoke(DirectMethodHandleAccessor.java:104)
	at java.base/java.lang.reflect.Method.invoke(Method.java:577)
	at org.apache.maven.surefire.util.ReflectionUtils.invokeMethodWithArray(ReflectionUtils.java:189)
	at org.apache.maven.surefire.booter.ProviderFactory$ProviderProxy.invoke(ProviderFactory.java:165)
	at org.apache.maven.surefire.booter.ProviderFactory.invokeProvider(ProviderFactory.java:85)
	at org.apache.maven.surefire.booter.ForkedBooter.runSuitesInProcess(ForkedBooter.java:115)
	at org.apache.maven.surefire.booter.ForkedBooter.main(ForkedBooter.java:75)
Caused by: java.lang.ExceptionInInitializerError: Exception java.lang.RuntimeException: Uncompilable code - pl.edu.pw.ee.Heap is not abstract and does not override abstract method getData() in pl.edu.pw.ee.services.HeapExtension [in thread &quot;main&quot;]
	at pl.edu.pw.ee.Heap.&lt;clinit&gt;(Heap.java:1)
	at pl.edu.pw.ee.HeapSort.sort(HeapSort.java:22)
	at pl.edu.pw.ee.HeapSortTest.shouldSortCorrectlyWhenOnlyFirstIsUnsortedNumsOdd(HeapSortTest.java:96)
	... 25 more
</error>
  </testcase>
  <testcase classname="pl.edu.pw.ee.HeapSortTest" name="arrayIsNull" time="0.001"/>
  <testcase classname="pl.edu.pw.ee.HeapSortTest" name="shouldSortCorrectlyWhenNumsIsBigAndGeneratedRandomlyDataSet" time="0.082">
    <error message="Could not initialize class pl.edu.pw.ee.Heap" type="java.lang.NoClassDefFoundError">java.lang.NoClassDefFoundError: Could not initialize class pl.edu.pw.ee.Heap
	at pl.edu.pw.ee.HeapSort.sort(HeapSort.java:22)
	at pl.edu.pw.ee.HeapSortTest.shouldSortCorrectlyWhenNumsIsBigAndGeneratedRandomlyDataSet(HeapSortTest.java:191)
	at java.base/jdk.internal.reflect.DirectMethodHandleAccessor.invoke(DirectMethodHandleAccessor.java:104)
	at java.base/java.lang.reflect.Method.invoke(Method.java:577)
	at org.junit.runners.model.FrameworkMethod$1.runReflectiveCall(FrameworkMethod.java:47)
	at org.junit.internal.runners.model.ReflectiveCallable.run(ReflectiveCallable.java:12)
	at org.junit.runners.model.FrameworkMethod.invokeExplosively(FrameworkMethod.java:44)
	at org.junit.internal.runners.statements.InvokeMethod.evaluate(InvokeMethod.java:17)
	at org.junit.runners.ParentRunner.runLeaf(ParentRunner.java:271)
	at org.junit.runners.BlockJUnit4ClassRunner.runChild(BlockJUnit4ClassRunner.java:70)
	at org.junit.runners.BlockJUnit4ClassRunner.runChild(BlockJUnit4ClassRunner.java:50)
	at org.junit.runners.ParentRunner$3.run(ParentRunner.java:238)
	at org.junit.runners.ParentRunner$1.schedule(ParentRunner.java:63)
	at org.junit.runners.ParentRunner.runChildren(ParentRunner.java:236)
	at org.junit.runners.ParentRunner.access$000(ParentRunner.java:53)
	at org.junit.runners.ParentRunner$2.evaluate(ParentRunner.java:229)
	at org.junit.runners.ParentRunner.run(ParentRunner.java:309)
	at org.apache.maven.surefire.junit4.JUnit4Provider.execute(JUnit4Provider.java:252)
	at org.apache.maven.surefire.junit4.JUnit4Provider.executeTestSet(JUnit4Provider.java:141)
	at org.apache.maven.surefire.junit4.JUnit4Provider.invoke(JUnit4Provider.java:112)
	at java.base/jdk.internal.reflect.DirectMethodHandleAccessor.invoke(DirectMethodHandleAccessor.java:104)
	at java.base/java.lang.reflect.Method.invoke(Method.java:577)
	at org.apache.maven.surefire.util.ReflectionUtils.invokeMethodWithArray(ReflectionUtils.java:189)
	at org.apache.maven.surefire.booter.ProviderFactory$ProviderProxy.invoke(ProviderFactory.java:165)
	at org.apache.maven.surefire.booter.ProviderFactory.invokeProvider(ProviderFactory.java:85)
	at org.apache.maven.surefire.booter.ForkedBooter.runSuitesInProcess(ForkedBooter.java:115)
	at org.apache.maven.surefire.booter.ForkedBooter.main(ForkedBooter.java:75)
Caused by: java.lang.ExceptionInInitializerError: Exception java.lang.RuntimeException: Uncompilable code - pl.edu.pw.ee.Heap is not abstract and does not override abstract method getData() in pl.edu.pw.ee.services.HeapExtension [in thread &quot;main&quot;]
	at pl.edu.pw.ee.Heap.&lt;clinit&gt;(Heap.java:1)
	at pl.edu.pw.ee.HeapSort.sort(HeapSort.java:22)
	at pl.edu.pw.ee.HeapSortTest.shouldSortCorrectlyWhenOnlyFirstIsUnsortedNumsOdd(HeapSortTest.java:96)
	... 25 more
</error>
  </testcase>
  <testcase classname="pl.edu.pw.ee.HeapSortTest" name="shouldSortCorrectlyWhenThereAreTheSameNumbers" time="0.001">
    <error message="Could not initialize class pl.edu.pw.ee.Heap" type="java.lang.NoClassDefFoundError">java.lang.NoClassDefFoundError: Could not initialize class pl.edu.pw.ee.Heap
	at pl.edu.pw.ee.HeapSort.sort(HeapSort.java:22)
	at pl.edu.pw.ee.HeapSortTest.shouldSortCorrectlyWhenThereAreTheSameNumbers(HeapSortTest.java:83)
	at java.base/jdk.internal.reflect.DirectMethodHandleAccessor.invoke(DirectMethodHandleAccessor.java:104)
	at java.base/java.lang.reflect.Method.invoke(Method.java:577)
	at org.junit.runners.model.FrameworkMethod$1.runReflectiveCall(FrameworkMethod.java:47)
	at org.junit.internal.runners.model.ReflectiveCallable.run(ReflectiveCallable.java:12)
	at org.junit.runners.model.FrameworkMethod.invokeExplosively(FrameworkMethod.java:44)
	at org.junit.internal.runners.statements.InvokeMethod.evaluate(InvokeMethod.java:17)
	at org.junit.runners.ParentRunner.runLeaf(ParentRunner.java:271)
	at org.junit.runners.BlockJUnit4ClassRunner.runChild(BlockJUnit4ClassRunner.java:70)
	at org.junit.runners.BlockJUnit4ClassRunner.runChild(BlockJUnit4ClassRunner.java:50)
	at org.junit.runners.ParentRunner$3.run(ParentRunner.java:238)
	at org.junit.runners.ParentRunner$1.schedule(ParentRunner.java:63)
	at org.junit.runners.ParentRunner.runChildren(ParentRunner.java:236)
	at org.junit.runners.ParentRunner.access$000(ParentRunner.java:53)
	at org.junit.runners.ParentRunner$2.evaluate(ParentRunner.java:229)
	at org.junit.runners.ParentRunner.run(ParentRunner.java:309)
	at org.apache.maven.surefire.junit4.JUnit4Provider.execute(JUnit4Provider.java:252)
	at org.apache.maven.surefire.junit4.JUnit4Provider.executeTestSet(JUnit4Provider.java:141)
	at org.apache.maven.surefire.junit4.JUnit4Provider.invoke(JUnit4Provider.java:112)
	at java.base/jdk.internal.reflect.DirectMethodHandleAccessor.invoke(DirectMethodHandleAccessor.java:104)
	at java.base/java.lang.reflect.Method.invoke(Method.java:577)
	at org.apache.maven.surefire.util.ReflectionUtils.invokeMethodWithArray(ReflectionUtils.java:189)
	at org.apache.maven.surefire.booter.ProviderFactory$ProviderProxy.invoke(ProviderFactory.java:165)
	at org.apache.maven.surefire.booter.ProviderFactory.invokeProvider(ProviderFactory.java:85)
	at org.apache.maven.surefire.booter.ForkedBooter.runSuitesInProcess(ForkedBooter.java:115)
	at org.apache.maven.surefire.booter.ForkedBooter.main(ForkedBooter.java:75)
Caused by: java.lang.ExceptionInInitializerError: Exception java.lang.RuntimeException: Uncompilable code - pl.edu.pw.ee.Heap is not abstract and does not override abstract method getData() in pl.edu.pw.ee.services.HeapExtension [in thread &quot;main&quot;]
	at pl.edu.pw.ee.Heap.&lt;clinit&gt;(Heap.java:1)
	at pl.edu.pw.ee.HeapSort.sort(HeapSort.java:22)
	at pl.edu.pw.ee.HeapSortTest.shouldSortCorrectlyWhenOnlyFirstIsUnsortedNumsOdd(HeapSortTest.java:96)
	... 25 more
</error>
  </testcase>
  <testcase classname="pl.edu.pw.ee.HeapSortTest" name="shouldSortCorrectlyWhenAllNumsInOrder" time="0">
    <error message="Could not initialize class pl.edu.pw.ee.Heap" type="java.lang.NoClassDefFoundError">java.lang.NoClassDefFoundError: Could not initialize class pl.edu.pw.ee.Heap
	at pl.edu.pw.ee.HeapSort.sort(HeapSort.java:22)
	at pl.edu.pw.ee.HeapSortTest.shouldSortCorrectlyWhenAllNumsInOrder(HeapSortTest.java:148)
	at java.base/jdk.internal.reflect.DirectMethodHandleAccessor.invoke(DirectMethodHandleAccessor.java:104)
	at java.base/java.lang.reflect.Method.invoke(Method.java:577)
	at org.junit.runners.model.FrameworkMethod$1.runReflectiveCall(FrameworkMethod.java:47)
	at org.junit.internal.runners.model.ReflectiveCallable.run(ReflectiveCallable.java:12)
	at org.junit.runners.model.FrameworkMethod.invokeExplosively(FrameworkMethod.java:44)
	at org.junit.internal.runners.statements.InvokeMethod.evaluate(InvokeMethod.java:17)
	at org.junit.runners.ParentRunner.runLeaf(ParentRunner.java:271)
	at org.junit.runners.BlockJUnit4ClassRunner.runChild(BlockJUnit4ClassRunner.java:70)
	at org.junit.runners.BlockJUnit4ClassRunner.runChild(BlockJUnit4ClassRunner.java:50)
	at org.junit.runners.ParentRunner$3.run(ParentRunner.java:238)
	at org.junit.runners.ParentRunner$1.schedule(ParentRunner.java:63)
	at org.junit.runners.ParentRunner.runChildren(ParentRunner.java:236)
	at org.junit.runners.ParentRunner.access$000(ParentRunner.java:53)
	at org.junit.runners.ParentRunner$2.evaluate(ParentRunner.java:229)
	at org.junit.runners.ParentRunner.run(ParentRunner.java:309)
	at org.apache.maven.surefire.junit4.JUnit4Provider.execute(JUnit4Provider.java:252)
	at org.apache.maven.surefire.junit4.JUnit4Provider.executeTestSet(JUnit4Provider.java:141)
	at org.apache.maven.surefire.junit4.JUnit4Provider.invoke(JUnit4Provider.java:112)
	at java.base/jdk.internal.reflect.DirectMethodHandleAccessor.invoke(DirectMethodHandleAccessor.java:104)
	at java.base/java.lang.reflect.Method.invoke(Method.java:577)
	at org.apache.maven.surefire.util.ReflectionUtils.invokeMethodWithArray(ReflectionUtils.java:189)
	at org.apache.maven.surefire.booter.ProviderFactory$ProviderProxy.invoke(ProviderFactory.java:165)
	at org.apache.maven.surefire.booter.ProviderFactory.invokeProvider(ProviderFactory.java:85)
	at org.apache.maven.surefire.booter.ForkedBooter.runSuitesInProcess(ForkedBooter.java:115)
	at org.apache.maven.surefire.booter.ForkedBooter.main(ForkedBooter.java:75)
Caused by: java.lang.ExceptionInInitializerError: Exception java.lang.RuntimeException: Uncompilable code - pl.edu.pw.ee.Heap is not abstract and does not override abstract method getData() in pl.edu.pw.ee.services.HeapExtension [in thread &quot;main&quot;]
	at pl.edu.pw.ee.Heap.&lt;clinit&gt;(Heap.java:1)
	at pl.edu.pw.ee.HeapSort.sort(HeapSort.java:22)
	at pl.edu.pw.ee.HeapSortTest.shouldSortCorrectlyWhenOnlyFirstIsUnsortedNumsOdd(HeapSortTest.java:96)
	... 25 more
</error>
  </testcase>
  <testcase classname="pl.edu.pw.ee.HeapSortTest" name="shouldSortCorrectlyWhenNumsIsBigAndPositiveDataSet" time="0.004">
    <error message="Could not initialize class pl.edu.pw.ee.Heap" type="java.lang.NoClassDefFoundError">java.lang.NoClassDefFoundError: Could not initialize class pl.edu.pw.ee.Heap
	at pl.edu.pw.ee.HeapSort.sort(HeapSort.java:22)
	at pl.edu.pw.ee.HeapSortTest.shouldSortCorrectlyWhenNumsIsBigAndPositiveDataSet(HeapSortTest.java:210)
	at java.base/jdk.internal.reflect.DirectMethodHandleAccessor.invoke(DirectMethodHandleAccessor.java:104)
	at java.base/java.lang.reflect.Method.invoke(Method.java:577)
	at org.junit.runners.model.FrameworkMethod$1.runReflectiveCall(FrameworkMethod.java:47)
	at org.junit.internal.runners.model.ReflectiveCallable.run(ReflectiveCallable.java:12)
	at org.junit.runners.model.FrameworkMethod.invokeExplosively(FrameworkMethod.java:44)
	at org.junit.internal.runners.statements.InvokeMethod.evaluate(InvokeMethod.java:17)
	at org.junit.runners.ParentRunner.runLeaf(ParentRunner.java:271)
	at org.junit.runners.BlockJUnit4ClassRunner.runChild(BlockJUnit4ClassRunner.java:70)
	at org.junit.runners.BlockJUnit4ClassRunner.runChild(BlockJUnit4ClassRunner.java:50)
	at org.junit.runners.ParentRunner$3.run(ParentRunner.java:238)
	at org.junit.runners.ParentRunner$1.schedule(ParentRunner.java:63)
	at org.junit.runners.ParentRunner.runChildren(ParentRunner.java:236)
	at org.junit.runners.ParentRunner.access$000(ParentRunner.java:53)
	at org.junit.runners.ParentRunner$2.evaluate(ParentRunner.java:229)
	at org.junit.runners.ParentRunner.run(ParentRunner.java:309)
	at org.apache.maven.surefire.junit4.JUnit4Provider.execute(JUnit4Provider.java:252)
	at org.apache.maven.surefire.junit4.JUnit4Provider.executeTestSet(JUnit4Provider.java:141)
	at org.apache.maven.surefire.junit4.JUnit4Provider.invoke(JUnit4Provider.java:112)
	at java.base/jdk.internal.reflect.DirectMethodHandleAccessor.invoke(DirectMethodHandleAccessor.java:104)
	at java.base/java.lang.reflect.Method.invoke(Method.java:577)
	at org.apache.maven.surefire.util.ReflectionUtils.invokeMethodWithArray(ReflectionUtils.java:189)
	at org.apache.maven.surefire.booter.ProviderFactory$ProviderProxy.invoke(ProviderFactory.java:165)
	at org.apache.maven.surefire.booter.ProviderFactory.invokeProvider(ProviderFactory.java:85)
	at org.apache.maven.surefire.booter.ForkedBooter.runSuitesInProcess(ForkedBooter.java:115)
	at org.apache.maven.surefire.booter.ForkedBooter.main(ForkedBooter.java:75)
Caused by: java.lang.ExceptionInInitializerError: Exception java.lang.RuntimeException: Uncompilable code - pl.edu.pw.ee.Heap is not abstract and does not override abstract method getData() in pl.edu.pw.ee.services.HeapExtension [in thread &quot;main&quot;]
	at pl.edu.pw.ee.Heap.&lt;clinit&gt;(Heap.java:1)
	at pl.edu.pw.ee.HeapSort.sort(HeapSort.java:22)
	at pl.edu.pw.ee.HeapSortTest.shouldSortCorrectlyWhenOnlyFirstIsUnsortedNumsOdd(HeapSortTest.java:96)
	... 25 more
</error>
  </testcase>
  <testcase classname="pl.edu.pw.ee.HeapSortTest" name="shouldSortCorrectlyWhenOnlyFirstIsUnsortedNumsEven" time="0">
    <error message="Could not initialize class pl.edu.pw.ee.Heap" type="java.lang.NoClassDefFoundError">java.lang.NoClassDefFoundError: Could not initialize class pl.edu.pw.ee.Heap
	at pl.edu.pw.ee.HeapSort.sort(HeapSort.java:22)
	at pl.edu.pw.ee.HeapSortTest.shouldSortCorrectlyWhenOnlyFirstIsUnsortedNumsEven(HeapSortTest.java:109)
	at java.base/jdk.internal.reflect.DirectMethodHandleAccessor.invoke(DirectMethodHandleAccessor.java:104)
	at java.base/java.lang.reflect.Method.invoke(Method.java:577)
	at org.junit.runners.model.FrameworkMethod$1.runReflectiveCall(FrameworkMethod.java:47)
	at org.junit.internal.runners.model.ReflectiveCallable.run(ReflectiveCallable.java:12)
	at org.junit.runners.model.FrameworkMethod.invokeExplosively(FrameworkMethod.java:44)
	at org.junit.internal.runners.statements.InvokeMethod.evaluate(InvokeMethod.java:17)
	at org.junit.runners.ParentRunner.runLeaf(ParentRunner.java:271)
	at org.junit.runners.BlockJUnit4ClassRunner.runChild(BlockJUnit4ClassRunner.java:70)
	at org.junit.runners.BlockJUnit4ClassRunner.runChild(BlockJUnit4ClassRunner.java:50)
	at org.junit.runners.ParentRunner$3.run(ParentRunner.java:238)
	at org.junit.runners.ParentRunner$1.schedule(ParentRunner.java:63)
	at org.junit.runners.ParentRunner.runChildren(ParentRunner.java:236)
	at org.junit.runners.ParentRunner.access$000(ParentRunner.java:53)
	at org.junit.runners.ParentRunner$2.evaluate(ParentRunner.java:229)
	at org.junit.runners.ParentRunner.run(ParentRunner.java:309)
	at org.apache.maven.surefire.junit4.JUnit4Provider.execute(JUnit4Provider.java:252)
	at org.apache.maven.surefire.junit4.JUnit4Provider.executeTestSet(JUnit4Provider.java:141)
	at org.apache.maven.surefire.junit4.JUnit4Provider.invoke(JUnit4Provider.java:112)
	at java.base/jdk.internal.reflect.DirectMethodHandleAccessor.invoke(DirectMethodHandleAccessor.java:104)
	at java.base/java.lang.reflect.Method.invoke(Method.java:577)
	at org.apache.maven.surefire.util.ReflectionUtils.invokeMethodWithArray(ReflectionUtils.java:189)
	at org.apache.maven.surefire.booter.ProviderFactory$ProviderProxy.invoke(ProviderFactory.java:165)
	at org.apache.maven.surefire.booter.ProviderFactory.invokeProvider(ProviderFactory.java:85)
	at org.apache.maven.surefire.booter.ForkedBooter.runSuitesInProcess(ForkedBooter.java:115)
	at org.apache.maven.surefire.booter.ForkedBooter.main(ForkedBooter.java:75)
Caused by: java.lang.ExceptionInInitializerError: Exception java.lang.RuntimeException: Uncompilable code - pl.edu.pw.ee.Heap is not abstract and does not override abstract method getData() in pl.edu.pw.ee.services.HeapExtension [in thread &quot;main&quot;]
	at pl.edu.pw.ee.Heap.&lt;clinit&gt;(Heap.java:1)
	at pl.edu.pw.ee.HeapSort.sort(HeapSort.java:22)
	at pl.edu.pw.ee.HeapSortTest.shouldSortCorrectlyWhenOnlyFirstIsUnsortedNumsOdd(HeapSortTest.java:96)
	... 25 more
</error>
  </testcase>
</testsuite>