<?xml version="1.0" encoding="UTF-8"?>
<testsuite xmlns:xsi="http://www.w3.org/2001/XMLSchema-instance" xsi:noNamespaceSchemaLocation="https://maven.apache.org/surefire/maven-surefire-plugin/xsd/surefire-test-report.xsd" name="pl.edu.pw.ee.HuffmanTest" time="0.06" tests="18" errors="0" skipped="0" failures="0">
  <properties>
[...]
</properties>
  <testcase name="checkIfHuffmanCouldEncodeCharactersForTest1" classname="pl.edu.pw.ee.HuffmanTest" time="0.006"/>
  <testcase name="checkIfHuffmanCouldEncodeCharactersForTest2" classname="pl.edu.pw.ee.HuffmanTest" time="0.001"/>
  <testcase name="checkIfHuffmanCouldEncodeCharactersForTest3" classname="pl.edu.pw.ee.HuffmanTest" time="0.003"/>
  <testcase name="checkIfHuffmanCouldEncodeCharactersForTest4" classname="pl.edu.pw.ee.HuffmanTest" time="0.001"/>
  <testcase name="checkIfHuffmanCouldEncodeCharactersForTest5" classname="pl.edu.pw.ee.HuffmanTest" time="0.001"/>
  <testcase name="checkIfHuffmanCouldEncodeCharactersForTest6" classname="pl.edu.pw.ee.HuffmanTest" time="0.001"/>
  <testcase name="checkIfHuffmanCouldEncodeCharactersForTest7" classname="pl.edu.pw.ee.HuffmanTest" time="0"/>
  <testcase name="checkIfHuffmanCouldEncodeCharactersForTest8" classname="pl.edu.pw.ee.HuffmanTest" time="0.002"/>
  <testcase name="checkIfHuffmanCouldEncodeCharactersForTest9" classname="pl.edu.pw.ee.HuffmanTest" time="0.002"/>
  <testcase name="checkIfHuffmanCouldDecodeCharactersForTest1" classname="pl.edu.pw.ee.HuffmanTest" time="0.006"/>
  <testcase name="checkIfHuffmanCouldDecodeCharactersForTest2" classname="pl.edu.pw.ee.HuffmanTest" time="0.004"/>
  <testcase name="checkIfHuffmanCouldDecodeCharactersForTest3" classname="pl.edu.pw.ee.HuffmanTest" time="0.016"/>
  <testcase name="checkIfHuffmanCouldDecodeCharactersForTest4" classname="pl.edu.pw.ee.HuffmanTest" time="0.002"/>
  <testcase name="checkIfHuffmanCouldDecodeCharactersForTest5" classname="pl.edu.pw.ee.HuffmanTest" time="0"/>
  <testcase name="checkIfHuffmanCouldDecodeCharactersForTest6" classname="pl.edu.pw.ee.HuffmanTest" time="0.001"/>
  <testcase name="checkIfHuffmanCouldDecodeCharactersForTest7" classname="pl.edu.pw.ee.HuffmanTest" time="0"/>
  <testcase name="checkIfHuffmanCouldDecodeCharactersForTest8" classname="pl.edu.pw.ee.HuffmanTest" time="0.007"/>
  <testcase name="checkIfHuffmanCouldDecodeCharactersForTest9" classname="pl.edu.pw.ee.HuffmanTest" time="0.001"/>
</testsuite>